[ 2015-02-24T12:12:32+08:00 ] 183.228.146.230 /index.php?s=/Admin/Index/getToken
INFO: [ app_begin ] --START--
INFO: Run Behavior\ReadHtmlCacheBehavior [ RunTime:0.000602s ]
INFO: [ app_begin ] --END-- [ RunTime:0.000927s ]
SQL: SHOW COLUMNS FROM `user` [ RunTime:0.0075s ]
SQL: SELECT `userId`,`userToken`,`userName`,`userFace` FROM `user` WHERE ( userId = '8' ) LIMIT 1   [ RunTime:0.0003s ]

[ 2015-02-24T12:14:21+08:00 ] 183.228.146.230 /index.php?s=/Admin/Index/getToken
INFO: [ app_begin ] --START--
INFO: Run Behavior\ReadHtmlCacheBehavior [ RunTime:0.000737s ]
INFO: [ app_begin ] --END-- [ RunTime:0.001228s ]
SQL: SHOW COLUMNS FROM `user` [ RunTime:0.0012s ]
SQL: SELECT `userId`,`userToken`,`userName`,`userFace` FROM `user` WHERE ( userId = '8' ) LIMIT 1   [ RunTime:0.0003s ]

[ 2015-02-24T12:14:33+08:00 ] 183.228.146.230 /index.php?s=/Admin/Index/getToken
INFO: [ app_begin ] --START--
INFO: Run Behavior\ReadHtmlCacheBehavior [ RunTime:0.000805s ]
INFO: [ app_begin ] --END-- [ RunTime:0.001330s ]
SQL: SHOW COLUMNS FROM `user` [ RunTime:0.0010s ]
SQL: SELECT `userId`,`userToken`,`userName`,`userFace` FROM `user` WHERE ( userId = '8' ) LIMIT 1   [ RunTime:0.0003s ]

[ 2015-02-24T12:15:17+08:00 ] 183.228.146.230 /index.php?s=/Admin/Index/getToken
INFO: [ app_begin ] --START--
INFO: Run Behavior\ReadHtmlCacheBehavior [ RunTime:0.000439s ]
INFO: [ app_begin ] --END-- [ RunTime:0.000772s ]
SQL: SHOW COLUMNS FROM `user` [ RunTime:0.0010s ]
SQL: SELECT `userId`,`userToken`,`userName`,`userFace` FROM `user` WHERE ( userId = '8' ) LIMIT 1   [ RunTime:0.0003s ]

